<?xml version="1.0" encoding="UTF-8" ?>
<testsuites>
  <testsuite errors="0" failures="1" hostname="BLRWKS0022" id="0" name="DemoClass_MB" package="Comcast_Demo" tests="1" time="96.513" timestamp="2013-05-09T11:10:56">
      <properties>
[...]
</properties>

      <testcase classname="Comcast_Demo.DemoClass_MB" name="testUserRegistration" time="96.201">
          <failure type="junit.framework.AssertionFailedError">junit.framework.AssertionFailedError
	at Comcast_Demo.DemoClass_MB.testUserRegistration(DemoClass_MB.java:89)
</failure>

      </testcase>

      <system-out />

      <system-err />

  </testsuite>
  <testsuite errors="0" failures="0" hostname="BLRWKS0022" id="1" name="runDemoTestSuite" package="SuiteRunner" tests="10" time="410.308" timestamp="2013-05-09T09:50:36">
      <properties>
[...]
</properties>

      <testcase classname="UserAuthentication.UserRegistration.RegisterToXidioApplicationWithoutEnteringFirstName" name="testRegisterToXidioApplicationWithoutFirstName" time="26.906" />

      <testcase classname="UserAuthentication.UserRegistration.RegisterToXidioApplicationWithoutEnteringEmail" name="testRegisterToXidioApplicationWithoutEnteringEmail" time="26.078" />

      <testcase classname="UserAuthentication.UserRegistration.RegisterToXidioApplicationUsingValidCredentials" name="testUserRegistration" time="64.75" />

      <testcase classname="UserAuthentication.ResettingPassword.ChangeUserLoginPassword" name="testLoginToCamcast" time="38.796" />

      <testcase classname="VideoManagement.VideoSearchFunctionality.SearchVideoByCategory.SeachAndSubscribeVideo" name="testSearchVideoSubscriptionFeedback" time="47.656" />

      <testcase classname="VideoManagement.VideoSearchFunctionality.SearchVideoByCategory.UnsubscribeUserSubscribedVideo" name="testSearchSubscribedVideoAndUnsubscribe" time="42.671" />

      <testcase classname="ProfileManagement.EditProfile.EditXidioUserNameInProfileManagement" name="testEditXidioUserNameInProfileManagement" time="29.172" />

      <testcase classname="UserAccountManagement.ChangeCreditCardDetails" name="testUserProfileChanges" time="46.093" />

      <testcase classname="ProfileManagement.ChangePin.ChangePinCode" name="testChangePinCode" time="41.515" />

      <testcase classname="ProfileManagement.ChagneAcitvationCode.ChangeUserActivationCode" name="testChangeActivationCode" time="46.281" />

      <system-out />

      <system-err />

  </testsuite>
</testsuites>
